{"/app/tests/assets/constants.js": {"path":"/app/tests/assets/constants.js","statementMap":{"0":{"start":{"line":1,"column":0},"end":{"line":9,"column":1}}},"fnMap":{},"branchMap":{},"s":{"0":14},"f":{},"b":{},"_coverageSchema":"1a1c01bbd47fc00a2c39e90264f33305004495a9","hash":"3466122d0aa10dc2c0b16f209d8b8d3f049fc6f5"}
,"/app/tests/assets/queries.js": {"path":"/app/tests/assets/queries.js","statementMap":{"0":{"start":{"line":1,"column":0},"end":{"line":47,"column":1}}},"fnMap":{},"branchMap":{},"s":{"0":1},"f":{},"b":{},"_coverageSchema":"1a1c01bbd47fc00a2c39e90264f33305004495a9","hash":"66451b08066849c3a40e7e48e047a3512b9cb75f"}
,"/app/tests/assets/helper/checkModelFile.js": {"path":"/app/tests/assets/helper/checkModelFile.js","statementMap":{"0":{"start":{"line":1,"column":11},"end":{"line":1,"column":24}},"1":{"start":{"line":2,"column":21},"end":{"line":2,"column":36}},"2":{"start":{"line":4,"column":23},"end":{"line":10,"column":1}},"3":{"start":{"line":5,"column":2},"end":{"line":9,"column":4}},"4":{"start":{"line":6,"column":23},"end":{"line":6,"column":47}},"5":{"start":{"line":8,"column":4},"end":{"line":8,"column":37}},"6":{"start":{"line":12,"column":0},"end":{"line":12,"column":31}}},"fnMap":{"0":{"name":"(anonymous_0)","decl":{"start":{"line":4,"column":23},"end":{"line":4,"column":24}},"loc":{"start":{"line":4,"column":36},"end":{"line":10,"column":1}},"line":4},"1":{"name":"(anonymous_1)","decl":{"start":{"line":5,"column":68},"end":{"line":5,"column":69}},"loc":{"start":{"line":5,"column":74},"end":{"line":9,"column":3}},"line":5}},"branchMap":{},"s":{"0":4,"1":4,"2":4,"3":4,"4":4,"5":4,"6":4},"f":{"0":4,"1":4},"b":{},"_coverageSchema":"1a1c01bbd47fc00a2c39e90264f33305004495a9","hash":"fe2ab406b18631b3659f0c93e4937a910376a1ea"}
,"/app/tests/assets/helper/checkModelName.js": {"path":"/app/tests/assets/helper/checkModelName.js","statementMap":{"0":{"start":{"line":3,"column":33},"end":{"line":3,"column":66}},"1":{"start":{"line":5,"column":23},"end":{"line":12,"column":1}},"2":{"start":{"line":5,"column":36},"end":{"line":12,"column":1}},"3":{"start":{"line":6,"column":2},"end":{"line":11,"column":4}},"4":{"start":{"line":7,"column":24},"end":{"line":7,"column":42}},"5":{"start":{"line":8,"column":19},"end":{"line":8,"column":52}},"6":{"start":{"line":10,"column":4},"end":{"line":10,"column":45}},"7":{"start":{"line":14,"column":0},"end":{"line":14,"column":31}}},"fnMap":{"0":{"name":"(anonymous_0)","decl":{"start":{"line":5,"column":23},"end":{"line":5,"column":24}},"loc":{"start":{"line":5,"column":36},"end":{"line":12,"column":1}},"line":5},"1":{"name":"(anonymous_1)","decl":{"start":{"line":5,"column":36},"end":{"line":5,"column":37}},"loc":{"start":{"line":5,"column":49},"end":{"line":12,"column":1}},"line":5},"2":{"name":"(anonymous_2)","decl":{"start":{"line":6,"column":64},"end":{"line":6,"column":65}},"loc":{"start":{"line":6,"column":70},"end":{"line":11,"column":3}},"line":6}},"branchMap":{},"s":{"0":4,"1":4,"2":4,"3":4,"4":4,"5":0,"6":0,"7":4},"f":{"0":4,"1":4,"2":4},"b":{},"_coverageSchema":"1a1c01bbd47fc00a2c39e90264f33305004495a9","hash":"65a1cbc0f209fe47bc56280e5ccbbedf9deee293"}
,"/app/tests/assets/helper/checkPropertyExists.js": {"path":"/app/tests/assets/helper/checkPropertyExists.js","statementMap":{"0":{"start":{"line":3,"column":33},"end":{"line":3,"column":66}},"1":{"start":{"line":4,"column":13},"end":{"line":4,"column":41}},"2":{"start":{"line":6,"column":28},"end":{"line":16,"column":1}},"3":{"start":{"line":6,"column":41},"end":{"line":16,"column":1}},"4":{"start":{"line":7,"column":2},"end":{"line":15,"column":6}},"5":{"start":{"line":9,"column":26},"end":{"line":9,"column":44}},"6":{"start":{"line":10,"column":21},"end":{"line":10,"column":54}},"7":{"start":{"line":12,"column":21},"end":{"line":12,"column":33}},"8":{"start":{"line":14,"column":6},"end":{"line":14,"column":45}},"9":{"start":{"line":18,"column":0},"end":{"line":18,"column":36}}},"fnMap":{"0":{"name":"(anonymous_0)","decl":{"start":{"line":6,"column":28},"end":{"line":6,"column":29}},"loc":{"start":{"line":6,"column":41},"end":{"line":16,"column":1}},"line":6},"1":{"name":"(anonymous_1)","decl":{"start":{"line":6,"column":41},"end":{"line":6,"column":42}},"loc":{"start":{"line":6,"column":55},"end":{"line":16,"column":1}},"line":6},"2":{"name":"(anonymous_2)","decl":{"start":{"line":8,"column":64},"end":{"line":8,"column":65}},"loc":{"start":{"line":8,"column":78},"end":{"line":15,"column":5}},"line":8}},"branchMap":{},"s":{"0":4,"1":4,"2":4,"3":4,"4":4,"5":15,"6":0,"7":0,"8":0,"9":4},"f":{"0":4,"1":4,"2":15},"b":{},"_coverageSchema":"1a1c01bbd47fc00a2c39e90264f33305004495a9","hash":"388194589989741b28a41ae98c54607227205f14"}
,"/app/tests/assets/helper/checkSimpleAssociation.js": {"path":"/app/tests/assets/helper/checkSimpleAssociation.js","statementMap":{"0":{"start":{"line":1,"column":33},"end":{"line":1,"column":66}},"1":{"start":{"line":2,"column":21},"end":{"line":2,"column":36}},"2":{"start":{"line":4,"column":32},"end":{"line":24,"column":1}},"3":{"start":{"line":4,"column":45},"end":{"line":24,"column":1}},"4":{"start":{"line":4,"column":57},"end":{"line":24,"column":1}},"5":{"start":{"line":5,"column":20},"end":{"line":5,"column":155}},"6":{"start":{"line":7,"column":2},"end":{"line":23,"column":4}},"7":{"start":{"line":8,"column":24},"end":{"line":8,"column":42}},"8":{"start":{"line":9,"column":19},"end":{"line":9,"column":52}},"9":{"start":{"line":11,"column":18},"end":{"line":15,"column":5}},"10":{"start":{"line":17,"column":4},"end":{"line":17,"column":28}},"11":{"start":{"line":19,"column":4},"end":{"line":22,"column":6}},"12":{"start":{"line":26,"column":0},"end":{"line":26,"column":40}}},"fnMap":{"0":{"name":"(anonymous_0)","decl":{"start":{"line":4,"column":32},"end":{"line":4,"column":33}},"loc":{"start":{"line":4,"column":45},"end":{"line":24,"column":1}},"line":4},"1":{"name":"(anonymous_1)","decl":{"start":{"line":4,"column":45},"end":{"line":4,"column":46}},"loc":{"start":{"line":4,"column":57},"end":{"line":24,"column":1}},"line":4},"2":{"name":"(anonymous_2)","decl":{"start":{"line":4,"column":57},"end":{"line":4,"column":58}},"loc":{"start":{"line":4,"column":79},"end":{"line":24,"column":1}},"line":4},"3":{"name":"(anonymous_3)","decl":{"start":{"line":7,"column":16},"end":{"line":7,"column":17}},"loc":{"start":{"line":7,"column":22},"end":{"line":23,"column":3}},"line":7}},"branchMap":{},"s":{"0":4,"1":4,"2":4,"3":2,"4":2,"5":2,"6":2,"7":2,"8":0,"9":0,"10":0,"11":0,"12":4},"f":{"0":2,"1":2,"2":2,"3":2},"b":{},"_coverageSchema":"1a1c01bbd47fc00a2c39e90264f33305004495a9","hash":"1bda3dbd27c311727ae82d9a73aa3c25410ecc08"}
,"/app/tests/assets/helper/checkThroughAssociation.js": {"path":"/app/tests/assets/helper/checkThroughAssociation.js","statementMap":{"0":{"start":{"line":1,"column":33},"end":{"line":1,"column":66}},"1":{"start":{"line":2,"column":21},"end":{"line":2,"column":36}},"2":{"start":{"line":4,"column":32},"end":{"line":32,"column":1}},"3":{"start":{"line":4,"column":45},"end":{"line":32,"column":1}},"4":{"start":{"line":4,"column":68},"end":{"line":32,"column":1}},"5":{"start":{"line":4,"column":78},"end":{"line":32,"column":1}},"6":{"start":{"line":5,"column":20},"end":{"line":5,"column":265}},"7":{"start":{"line":7,"column":2},"end":{"line":31,"column":4}},"8":{"start":{"line":8,"column":24},"end":{"line":8,"column":42}},"9":{"start":{"line":9,"column":19},"end":{"line":9,"column":52}},"10":{"start":{"line":11,"column":17},"end":{"line":11,"column":19}},"11":{"start":{"line":13,"column":4},"end":{"line":20,"column":7}},"12":{"start":{"line":14,"column":6},"end":{"line":19,"column":8}},"13":{"start":{"line":22,"column":4},"end":{"line":22,"column":29}},"14":{"start":{"line":24,"column":4},"end":{"line":30,"column":5}},"15":{"start":{"line":24,"column":16},"end":{"line":24,"column":17}},"16":{"start":{"line":25,"column":6},"end":{"line":29,"column":10}},"17":{"start":{"line":34,"column":0},"end":{"line":34,"column":40}}},"fnMap":{"0":{"name":"(anonymous_0)","decl":{"start":{"line":4,"column":32},"end":{"line":4,"column":33}},"loc":{"start":{"line":4,"column":45},"end":{"line":32,"column":1}},"line":4},"1":{"name":"(anonymous_1)","decl":{"start":{"line":4,"column":45},"end":{"line":4,"column":46}},"loc":{"start":{"line":4,"column":68},"end":{"line":32,"column":1}},"line":4},"2":{"name":"(anonymous_2)","decl":{"start":{"line":4,"column":68},"end":{"line":4,"column":69}},"loc":{"start":{"line":4,"column":78},"end":{"line":32,"column":1}},"line":4},"3":{"name":"(anonymous_3)","decl":{"start":{"line":4,"column":78},"end":{"line":4,"column":79}},"loc":{"start":{"line":4,"column":101},"end":{"line":32,"column":1}},"line":4},"4":{"name":"(anonymous_4)","decl":{"start":{"line":7,"column":16},"end":{"line":7,"column":17}},"loc":{"start":{"line":7,"column":22},"end":{"line":31,"column":3}},"line":7},"5":{"name":"(anonymous_5)","decl":{"start":{"line":13,"column":32},"end":{"line":13,"column":33}},"loc":{"start":{"line":13,"column":45},"end":{"line":20,"column":5}},"line":13}},"branchMap":{},"s":{"0":4,"1":4,"2":4,"3":1,"4":1,"5":1,"6":1,"7":1,"8":1,"9":0,"10":0,"11":0,"12":0,"13":0,"14":0,"15":0,"16":0,"17":4},"f":{"0":1,"1":1,"2":1,"3":1,"4":1,"5":0},"b":{},"_coverageSchema":"1a1c01bbd47fc00a2c39e90264f33305004495a9","hash":"3465176948596d7fdaa016ca3453461ebda40f80"}
,"/app/tests/assets/helper/index.js": {"path":"/app/tests/assets/helper/index.js","statementMap":{"0":{"start":{"line":1,"column":0},"end":{"line":7,"column":1}}},"fnMap":{},"branchMap":{},"s":{"0":4},"f":{},"b":{},"_coverageSchema":"1a1c01bbd47fc00a2c39e90264f33305004495a9","hash":"56c594d5b09e4e08a28a5a16b0b47443b9061946"}
}
